<?xml version="1.0" encoding="UTF-8"?>
<testsuite hostname="macs-MacBook-Pro-4.local" name="org.alm.TestClient" tests="66" failures="0" timestamp="18 Jul 2017 23:03:27 GMT" time="2.608" errors="0">
  <testcase name="login" time="0.307" classname="org.alm.TestClient"/>
  <testcase name="loadTestSet" time="0.227" classname="org.alm.TestClient"/>
  <testcase name="loadTestInstances" time="0.041" classname="org.alm.TestClient"/>
  <testcase name="loadTest" time="0.032" classname="org.alm.TestClient"/>
  <testcase name="createRun" time="0.249" classname="org.alm.TestClient"/>
  <testcase name="createRunSteps" time="0.056" classname="org.alm.TestClient"/>
  <testcase name="logout" time="0.024" classname="org.alm.TestClient"/>
  <testcase name="createRun" time="0.036" classname="org.alm.TestDao"/>
  <testcase name="createRunAttachment" time="0.027" classname="org.alm.TestDao"/>
  <testcase name="createRunStep" time="0.028" classname="org.alm.TestDao"/>
  <testcase name="createRunStepAttachment" time="0.02" classname="org.alm.TestDao"/>
  <testcase name="isAutheticatedUnauthorized" time="0.024" classname="org.alm.TestDao"/>
  <testcase name="login" time="0.1" classname="org.alm.TestDao"/>
  <testcase name="logout" time="0.033" classname="org.alm.TestDao"/>
  <testcase name="readTestEntity" time="0.021" classname="org.alm.TestDao"/>
  <testcase name="readTestInstanceEntities" time="0.025" classname="org.alm.TestDao"/>
  <testcase name="readTestInstanceEntity" time="0.019" classname="org.alm.TestDao"/>
  <testcase name="readTestSetEntity" time="0.02" classname="org.alm.TestDao"/>
  <testcase name="readTestStepsEntities" time="0.022" classname="org.alm.TestDao"/>
  <testcase name="updateRunEntity" time="0.02" classname="org.alm.TestDao"/>
  <testcase name="updateRunStep" time="0.019" classname="org.alm.TestDao"/>
  <testcase name="accessors" time="0.0" classname="org.alm.TestRestConnector"/>
  <testcase name="buildEntityUrl" time="0.0" classname="org.alm.TestRestConnector"/>
  <testcase name="delete" time="0.02" classname="org.alm.TestRestConnector"/>
  <testcase name="get" time="0.014" classname="org.alm.TestRestConnector"/>
  <testcase name="getXmlContent" time="0.031" classname="org.alm.TestRestConnector"/>
  <testcase name="post" time="0.018" classname="org.alm.TestRestConnector"/>
  <testcase name="put" time="0.019" classname="org.alm.TestRestConnector"/>
  <testcase name="fields" time="0.0" classname="org.alm.model.TestEntity"/>
  <testcase name="id" time="0.0" classname="org.alm.model.TestEntity"/>
  <testcase name="initEntityWithParam" time="0.001" classname="org.alm.model.TestEntity"/>
  <testcase name="name" time="0.0" classname="org.alm.model.TestEntity"/>
  <testcase name="objectToXml" time="0.007" classname="org.alm.model.TestEntity"/>
  <testcase name="parentId" time="0.0" classname="org.alm.model.TestEntity"/>
  <testcase name="type" time="0.001" classname="org.alm.model.TestEntity"/>
  <testcase name="xmlToObject" time="0.005" classname="org.alm.model.TestEntity"/>
  <testcase name="description" time="0.0" classname="org.alm.model.TestTest"/>
  <testcase name="execStatus" time="0.0" classname="org.alm.model.TestTest"/>
  <testcase name="owner" time="0.001" classname="org.alm.model.TestTest"/>
  <testcase name="status" time="0.0" classname="org.alm.model.TestTest"/>
  <testcase name="subtypeId" time="0.0" classname="org.alm.model.TestTest"/>
  <testcase name="type" time="0.0" classname="org.alm.model.TestTest"/>
  <testcase name="comment" time="0.0" classname="org.alm.model.TestTestSet"/>
  <testcase name="linkage" time="0.0" classname="org.alm.model.TestTestSet"/>
  <testcase name="status" time="0.0" classname="org.alm.model.TestTestSet"/>
  <testcase name="subtypeId" time="0.0" classname="org.alm.model.TestTestSet"/>
  <testcase name="type" time="0.0" classname="org.alm.model.TestTestSet"/>
  <testcase name="value" time="0.0" classname="org.alm.model.TestField"/>
  <testcase name="objectToXml" time="0.002" classname="org.alm.model.TestField"/>
  <testcase name="name" time="0.0" classname="org.alm.model.TestField"/>
  <testcase name="initFieldDefault" time="0.001" classname="org.alm.model.TestField"/>
  <testcase name="initFieldTwoParam" time="0.0" classname="org.alm.model.TestField"/>
  <testcase name="xmlToObject" time="0.007" classname="org.alm.model.TestField"/>
  <testcase name="initFieldOneParam" time="0.001" classname="org.alm.model.TestField"/>
  <testcase name="description" time="0.0" classname="org.alm.model.TestAttachment"/>
  <testcase name="refType" time="0.0" classname="org.alm.model.TestAttachment"/>
  <testcase name="type" time="0.0" classname="org.alm.model.TestAttachment"/>
  <testcase name="parentType" time="0.001" classname="org.alm.model.TestAttachment"/>
  <testcase name="fileSize" time="0.0" classname="org.alm.model.TestAttachment"/>
  <testcase name="runConstants" time="0.0" classname="org.alm.model.TestModelConstants"/>
  <testcase name="iterations" time="0.001" classname="org.alm.model.TestTestInstance"/>
  <testcase name="testSetId" time="0.0" classname="org.alm.model.TestTestInstance"/>
  <testcase name="type" time="0.0" classname="org.alm.model.TestTestInstance"/>
  <testcase name="testId" time="0.0" classname="org.alm.model.TestTestInstance"/>
  <testcase name="accessors" time="0.0" classname="org.alm.TestConfig"/>
  <testcase name="defaultValues" time="0.0" classname="org.alm.TestConfig"/>
</testsuite>
