<?xml version="1.0" encoding="UTF-8" ?>
<testsuite tests="66" failures="0" name="TestSuite" time="1.482" errors="0" skipped="0">
  <properties>
[...]
</properties>
  <testcase classname="org.alm.TestClient" name="login" time="0.308"/>
  <testcase classname="org.alm.TestClient" name="loadTestSet" time="0.226"/>
  <testcase classname="org.alm.TestClient" name="loadTestInstances" time="0.041"/>
  <testcase classname="org.alm.TestClient" name="loadTest" time="0.032"/>
  <testcase classname="org.alm.TestClient" name="createRun" time="0.249"/>
  <testcase classname="org.alm.TestClient" name="createRunSteps" time="0.056"/>
  <testcase classname="org.alm.TestClient" name="logout" time="0.024"/>
  <testcase classname="org.alm.TestDao" name="createRun" time="0.036"/>
  <testcase classname="org.alm.TestDao" name="createRunAttachment" time="0.027"/>
  <testcase classname="org.alm.TestDao" name="createRunStep" time="0.028"/>
  <testcase classname="org.alm.TestDao" name="createRunStepAttachment" time="0.02"/>
  <testcase classname="org.alm.TestDao" name="isAutheticatedUnauthorized" time="0.024"/>
  <testcase classname="org.alm.TestDao" name="login" time="0.101"/>
  <testcase classname="org.alm.TestDao" name="logout" time="0.033"/>
  <testcase classname="org.alm.TestDao" name="readTestEntity" time="0.021"/>
  <testcase classname="org.alm.TestDao" name="readTestInstanceEntities" time="0.025"/>
  <testcase classname="org.alm.TestDao" name="readTestInstanceEntity" time="0.018"/>
  <testcase classname="org.alm.TestDao" name="readTestSetEntity" time="0.02"/>
  <testcase classname="org.alm.TestDao" name="readTestStepsEntities" time="0.022"/>
  <testcase classname="org.alm.TestDao" name="updateRunEntity" time="0.02"/>
  <testcase classname="org.alm.TestDao" name="updateRunStep" time="0.019"/>
  <testcase classname="org.alm.TestRestConnector" name="accessors" time="0.001"/>
  <testcase classname="org.alm.TestRestConnector" name="buildEntityUrl" time="0.001"/>
  <testcase classname="org.alm.TestRestConnector" name="delete" time="0.02"/>
  <testcase classname="org.alm.TestRestConnector" name="get" time="0.014"/>
  <testcase classname="org.alm.TestRestConnector" name="getXmlContent" time="0.031"/>
  <testcase classname="org.alm.TestRestConnector" name="post" time="0.017"/>
  <testcase classname="org.alm.TestRestConnector" name="put" time="0.019"/>
  <testcase classname="org.alm.model.TestEntity" name="fields" time="0"/>
  <testcase classname="org.alm.model.TestEntity" name="id" time="0"/>
  <testcase classname="org.alm.model.TestEntity" name="initEntityWithParam" time="0.002"/>
  <testcase classname="org.alm.model.TestEntity" name="name" time="0"/>
  <testcase classname="org.alm.model.TestEntity" name="objectToXml" time="0.008"/>
  <testcase classname="org.alm.model.TestEntity" name="parentId" time="0"/>
  <testcase classname="org.alm.model.TestEntity" name="type" time="0"/>
  <testcase classname="org.alm.model.TestEntity" name="xmlToObject" time="0.005"/>
  <testcase classname="org.alm.model.TestTest" name="description" time="0"/>
  <testcase classname="org.alm.model.TestTest" name="execStatus" time="0"/>
  <testcase classname="org.alm.model.TestTest" name="owner" time="0"/>
  <testcase classname="org.alm.model.TestTest" name="status" time="0"/>
  <testcase classname="org.alm.model.TestTest" name="subtypeId" time="0.001"/>
  <testcase classname="org.alm.model.TestTest" name="type" time="0"/>
  <testcase classname="org.alm.model.TestTestSet" name="comment" time="0.001"/>
  <testcase classname="org.alm.model.TestTestSet" name="linkage" time="0"/>
  <testcase classname="org.alm.model.TestTestSet" name="status" time="0"/>
  <testcase classname="org.alm.model.TestTestSet" name="subtypeId" time="0"/>
  <testcase classname="org.alm.model.TestTestSet" name="type" time="0"/>
  <testcase classname="org.alm.model.TestField" name="value" time="0"/>
  <testcase classname="org.alm.model.TestField" name="objectToXml" time="0.002"/>
  <testcase classname="org.alm.model.TestField" name="name" time="0"/>
  <testcase classname="org.alm.model.TestField" name="initFieldDefault" time="0"/>
  <testcase classname="org.alm.model.TestField" name="initFieldTwoParam" time="0"/>
  <testcase classname="org.alm.model.TestField" name="xmlToObject" time="0.007"/>
  <testcase classname="org.alm.model.TestField" name="initFieldOneParam" time="0"/>
  <testcase classname="org.alm.model.TestAttachment" name="description" time="0"/>
  <testcase classname="org.alm.model.TestAttachment" name="refType" time="0"/>
  <testcase classname="org.alm.model.TestAttachment" name="type" time="0"/>
  <testcase classname="org.alm.model.TestAttachment" name="parentType" time="0.001"/>
  <testcase classname="org.alm.model.TestAttachment" name="fileSize" time="0"/>
  <testcase classname="org.alm.model.TestModelConstants" name="runConstants" time="0"/>
  <testcase classname="org.alm.model.TestTestInstance" name="iterations" time="0"/>
  <testcase classname="org.alm.model.TestTestInstance" name="testSetId" time="0"/>
  <testcase classname="org.alm.model.TestTestInstance" name="type" time="0"/>
  <testcase classname="org.alm.model.TestTestInstance" name="testId" time="0.001"/>
  <testcase classname="org.alm.TestConfig" name="accessors" time="0.001"/>
  <testcase classname="org.alm.TestConfig" name="defaultValues" time="0"/>
</testsuite>